{"C:\\Users\\rodri\\Documents\\Curso\\Fernando herrera\\Nodejs2023\\9-RESTWeb\\src\\data\\postgres\\index.ts": {"path":"C:\\Users\\rodri\\Documents\\Curso\\Fernando herrera\\Nodejs2023\\9-RESTWeb\\src\\data\\postgres\\index.ts","all":false,"statementMap":{"0":{"start":{"line":1,"column":0},"end":{"line":1,"column":46}},"1":{"start":{"line":2,"column":0},"end":{"line":2,"column":0}},"2":{"start":{"line":3,"column":0},"end":{"line":3,"column":0}},"3":{"start":{"line":4,"column":0},"end":{"line":4,"column":0}},"4":{"start":{"line":5,"column":0},"end":{"line":5,"column":0}},"5":{"start":{"line":6,"column":0},"end":{"line":6,"column":41}}},"s":{"0":1,"1":1,"2":1,"3":1,"4":1,"5":1},"branchMap":{},"b":{},"fnMap":{},"f":{}}
,"C:\\Users\\rodri\\Documents\\Curso\\Fernando herrera\\Nodejs2023\\9-RESTWeb\\src\\domain\\index.ts": {"path":"C:\\Users\\rodri\\Documents\\Curso\\Fernando herrera\\Nodejs2023\\9-RESTWeb\\src\\domain\\index.ts","all":false,"statementMap":{"0":{"start":{"line":1,"column":0},"end":{"line":1,"column":0}},"1":{"start":{"line":2,"column":0},"end":{"line":2,"column":46}},"2":{"start":{"line":3,"column":0},"end":{"line":3,"column":22}},"3":{"start":{"line":4,"column":0},"end":{"line":4,"column":38}},"4":{"start":{"line":5,"column":0},"end":{"line":5,"column":47}},"5":{"start":{"line":6,"column":0},"end":{"line":6,"column":0}},"6":{"start":{"line":7,"column":0},"end":{"line":7,"column":38}},"7":{"start":{"line":8,"column":0},"end":{"line":8,"column":0}},"8":{"start":{"line":9,"column":0},"end":{"line":9,"column":45}},"9":{"start":{"line":10,"column":0},"end":{"line":10,"column":45}},"10":{"start":{"line":11,"column":0},"end":{"line":11,"column":45}},"11":{"start":{"line":12,"column":0},"end":{"line":12,"column":42}},"12":{"start":{"line":13,"column":0},"end":{"line":13,"column":43}}},"s":{"0":1,"1":1,"2":1,"3":1,"4":1,"5":1,"6":1,"7":1,"8":1,"9":1,"10":1,"11":1,"12":1},"branchMap":{},"b":{},"fnMap":{},"f":{}}
,"C:\\Users\\rodri\\Documents\\Curso\\Fernando herrera\\Nodejs2023\\9-RESTWeb\\src\\domain\\errors\\custom.error.ts": {"path":"C:\\Users\\rodri\\Documents\\Curso\\Fernando herrera\\Nodejs2023\\9-RESTWeb\\src\\domain\\errors\\custom.error.ts","all":false,"statementMap":{"0":{"start":{"line":1,"column":0},"end":{"line":1,"column":0}},"1":{"start":{"line":2,"column":0},"end":{"line":2,"column":0}},"2":{"start":{"line":3,"column":0},"end":{"line":3,"column":40}},"3":{"start":{"line":4,"column":0},"end":{"line":4,"column":0}},"4":{"start":{"line":5,"column":0},"end":{"line":5,"column":16}},"5":{"start":{"line":6,"column":0},"end":{"line":6,"column":40}},"6":{"start":{"line":7,"column":0},"end":{"line":7,"column":48}},"7":{"start":{"line":8,"column":0},"end":{"line":8,"column":7}},"8":{"start":{"line":9,"column":0},"end":{"line":9,"column":23}},"9":{"start":{"line":10,"column":0},"end":{"line":10,"column":5}},"10":{"start":{"line":11,"column":0},"end":{"line":11,"column":1}}},"s":{"0":1,"1":1,"2":1,"3":1,"4":1,"5":2,"6":2,"7":2,"8":2,"9":2,"10":1},"branchMap":{"0":{"type":"branch","line":5,"loc":{"start":{"line":5,"column":4},"end":{"line":10,"column":5}},"locations":[{"start":{"line":5,"column":4},"end":{"line":10,"column":5}}]}},"b":{"0":[2]},"fnMap":{"0":{"name":"CustomError","decl":{"start":{"line":5,"column":4},"end":{"line":10,"column":5}},"loc":{"start":{"line":5,"column":4},"end":{"line":10,"column":5}},"line":5}},"f":{"0":2}}
,"C:\\Users\\rodri\\Documents\\Curso\\Fernando herrera\\Nodejs2023\\9-RESTWeb\\src\\infrastructure\\datasource\\todo.datasource.impl.ts": {"path":"C:\\Users\\rodri\\Documents\\Curso\\Fernando herrera\\Nodejs2023\\9-RESTWeb\\src\\infrastructure\\datasource\\todo.datasource.impl.ts","all":false,"statementMap":{"0":{"start":{"line":1,"column":0},"end":{"line":1,"column":45}},"1":{"start":{"line":2,"column":0},"end":{"line":2,"column":101}},"2":{"start":{"line":3,"column":0},"end":{"line":3,"column":0}},"3":{"start":{"line":4,"column":0},"end":{"line":4,"column":0}},"4":{"start":{"line":5,"column":0},"end":{"line":5,"column":0}},"5":{"start":{"line":6,"column":0},"end":{"line":6,"column":0}},"6":{"start":{"line":7,"column":0},"end":{"line":7,"column":59}},"7":{"start":{"line":8,"column":0},"end":{"line":8,"column":0}},"8":{"start":{"line":9,"column":0},"end":{"line":9,"column":0}},"9":{"start":{"line":10,"column":0},"end":{"line":10,"column":69}},"10":{"start":{"line":11,"column":0},"end":{"line":11,"column":0}},"11":{"start":{"line":12,"column":0},"end":{"line":12,"column":47}},"12":{"start":{"line":13,"column":0},"end":{"line":13,"column":31}},"13":{"start":{"line":14,"column":0},"end":{"line":14,"column":11}},"14":{"start":{"line":15,"column":0},"end":{"line":15,"column":0}},"15":{"start":{"line":16,"column":0},"end":{"line":16,"column":43}},"16":{"start":{"line":17,"column":0},"end":{"line":17,"column":5}},"17":{"start":{"line":18,"column":0},"end":{"line":18,"column":0}},"18":{"start":{"line":19,"column":0},"end":{"line":19,"column":43}},"19":{"start":{"line":20,"column":0},"end":{"line":20,"column":51}},"20":{"start":{"line":21,"column":0},"end":{"line":21,"column":0}},"21":{"start":{"line":22,"column":0},"end":{"line":22,"column":62}},"22":{"start":{"line":23,"column":0},"end":{"line":23,"column":5}},"23":{"start":{"line":24,"column":0},"end":{"line":24,"column":0}},"24":{"start":{"line":25,"column":0},"end":{"line":25,"column":53}},"25":{"start":{"line":26,"column":0},"end":{"line":26,"column":0}},"26":{"start":{"line":27,"column":0},"end":{"line":27,"column":51}},"27":{"start":{"line":28,"column":0},"end":{"line":28,"column":25}},"28":{"start":{"line":29,"column":0},"end":{"line":29,"column":11}},"29":{"start":{"line":30,"column":0},"end":{"line":30,"column":0}},"30":{"start":{"line":31,"column":0},"end":{"line":31,"column":78}},"31":{"start":{"line":32,"column":0},"end":{"line":32,"column":43}},"32":{"start":{"line":33,"column":0},"end":{"line":33,"column":5}},"33":{"start":{"line":34,"column":0},"end":{"line":34,"column":0}},"34":{"start":{"line":35,"column":0},"end":{"line":35,"column":73}},"35":{"start":{"line":36,"column":0},"end":{"line":36,"column":0}},"36":{"start":{"line":37,"column":0},"end":{"line":37,"column":46}},"37":{"start":{"line":38,"column":0},"end":{"line":38,"column":0}},"38":{"start":{"line":39,"column":0},"end":{"line":39,"column":54}},"39":{"start":{"line":40,"column":0},"end":{"line":40,"column":20}},"40":{"start":{"line":41,"column":0},"end":{"line":41,"column":36}},"41":{"start":{"line":42,"column":0},"end":{"line":42,"column":14}},"42":{"start":{"line":43,"column":0},"end":{"line":43,"column":39}},"43":{"start":{"line":44,"column":0},"end":{"line":44,"column":11}},"44":{"start":{"line":45,"column":0},"end":{"line":45,"column":0}},"45":{"start":{"line":46,"column":0},"end":{"line":46,"column":50}},"46":{"start":{"line":47,"column":0},"end":{"line":47,"column":0}},"47":{"start":{"line":48,"column":0},"end":{"line":48,"column":5}},"48":{"start":{"line":49,"column":0},"end":{"line":49,"column":0}},"49":{"start":{"line":50,"column":0},"end":{"line":50,"column":55}},"50":{"start":{"line":51,"column":0},"end":{"line":51,"column":32}},"51":{"start":{"line":52,"column":0},"end":{"line":52,"column":0}},"52":{"start":{"line":53,"column":0},"end":{"line":53,"column":54}},"53":{"start":{"line":54,"column":0},"end":{"line":54,"column":26}},"54":{"start":{"line":55,"column":0},"end":{"line":55,"column":11}},"55":{"start":{"line":56,"column":0},"end":{"line":56,"column":0}},"56":{"start":{"line":57,"column":0},"end":{"line":57,"column":50}},"57":{"start":{"line":58,"column":0},"end":{"line":58,"column":5}},"58":{"start":{"line":59,"column":0},"end":{"line":59,"column":0}},"59":{"start":{"line":60,"column":0},"end":{"line":60,"column":1}}},"s":{"0":1,"1":1,"2":1,"3":1,"4":1,"5":1,"6":1,"7":1,"8":1,"9":1,"10":1,"11":1,"12":1,"13":1,"14":1,"15":1,"16":1,"17":1,"18":1,"19":1,"20":1,"21":1,"22":1,"23":1,"24":1,"25":5,"26":5,"27":5,"28":5,"29":5,"30":5,"31":3,"32":3,"33":1,"34":1,"35":2,"36":2,"37":1,"38":1,"39":1,"40":1,"41":1,"42":1,"43":1,"44":1,"45":1,"46":1,"47":1,"48":1,"49":1,"50":1,"51":1,"52":1,"53":1,"54":1,"55":1,"56":1,"57":1,"58":1,"59":1},"branchMap":{"0":{"type":"branch","line":10,"loc":{"start":{"line":10,"column":10},"end":{"line":17,"column":5}},"locations":[{"start":{"line":10,"column":10},"end":{"line":17,"column":5}}]},"1":{"type":"branch","line":19,"loc":{"start":{"line":19,"column":10},"end":{"line":23,"column":5}},"locations":[{"start":{"line":19,"column":10},"end":{"line":23,"column":5}}]},"2":{"type":"branch","line":22,"loc":{"start":{"line":22,"column":25},"end":{"line":22,"column":60}},"locations":[{"start":{"line":22,"column":25},"end":{"line":22,"column":60}}]},"3":{"type":"branch","line":25,"loc":{"start":{"line":25,"column":10},"end":{"line":33,"column":5}},"locations":[{"start":{"line":25,"column":10},"end":{"line":33,"column":5}}]},"4":{"type":"branch","line":31,"loc":{"start":{"line":31,"column":19},"end":{"line":31,"column":78}},"locations":[{"start":{"line":31,"column":19},"end":{"line":31,"column":78}}]},"5":{"type":"branch","line":32,"loc":{"start":{"line":32,"column":-2},"end":{"line":33,"column":5}},"locations":[{"start":{"line":32,"column":-2},"end":{"line":33,"column":5}}]},"6":{"type":"branch","line":35,"loc":{"start":{"line":35,"column":10},"end":{"line":48,"column":5}},"locations":[{"start":{"line":35,"column":10},"end":{"line":48,"column":5}}]},"7":{"type":"branch","line":38,"loc":{"start":{"line":38,"column":-2},"end":{"line":48,"column":5}},"locations":[{"start":{"line":38,"column":-2},"end":{"line":48,"column":5}}]},"8":{"type":"branch","line":50,"loc":{"start":{"line":50,"column":10},"end":{"line":58,"column":5}},"locations":[{"start":{"line":50,"column":10},"end":{"line":58,"column":5}}]}},"b":{"0":[1],"1":[1],"2":[2],"3":[5],"4":[2],"5":[3],"6":[2],"7":[1],"8":[1]},"fnMap":{"0":{"name":"create","decl":{"start":{"line":10,"column":10},"end":{"line":17,"column":5}},"loc":{"start":{"line":10,"column":10},"end":{"line":17,"column":5}},"line":10},"1":{"name":"getAll","decl":{"start":{"line":19,"column":10},"end":{"line":23,"column":5}},"loc":{"start":{"line":19,"column":10},"end":{"line":23,"column":5}},"line":19},"2":{"name":"findById","decl":{"start":{"line":25,"column":10},"end":{"line":33,"column":5}},"loc":{"start":{"line":25,"column":10},"end":{"line":33,"column":5}},"line":25},"3":{"name":"updateById","decl":{"start":{"line":35,"column":10},"end":{"line":48,"column":5}},"loc":{"start":{"line":35,"column":10},"end":{"line":48,"column":5}},"line":35},"4":{"name":"deleteById","decl":{"start":{"line":50,"column":10},"end":{"line":58,"column":5}},"loc":{"start":{"line":50,"column":10},"end":{"line":58,"column":5}},"line":50}},"f":{"0":1,"1":1,"2":5,"3":2,"4":1}}
,"C:\\Users\\rodri\\Documents\\Curso\\Fernando herrera\\Nodejs2023\\9-RESTWeb\\src\\presentation\\todos\\controller.ts": {"path":"C:\\Users\\rodri\\Documents\\Curso\\Fernando herrera\\Nodejs2023\\9-RESTWeb\\src\\presentation\\todos\\controller.ts","all":false,"statementMap":{"0":{"start":{"line":1,"column":0},"end":{"line":1,"column":44}},"1":{"start":{"line":2,"column":0},"end":{"line":2,"column":65}},"2":{"start":{"line":3,"column":0},"end":{"line":3,"column":114}},"3":{"start":{"line":4,"column":0},"end":{"line":4,"column":0}},"4":{"start":{"line":5,"column":0},"end":{"line":5,"column":0}},"5":{"start":{"line":6,"column":0},"end":{"line":6,"column":30}},"6":{"start":{"line":7,"column":0},"end":{"line":7,"column":0}},"7":{"start":{"line":8,"column":0},"end":{"line":8,"column":10}},"8":{"start":{"line":9,"column":0},"end":{"line":9,"column":16}},"9":{"start":{"line":10,"column":0},"end":{"line":10,"column":55}},"10":{"start":{"line":11,"column":0},"end":{"line":11,"column":9}},"11":{"start":{"line":12,"column":0},"end":{"line":12,"column":0}},"12":{"start":{"line":13,"column":0},"end":{"line":13,"column":62}},"13":{"start":{"line":14,"column":0},"end":{"line":14,"column":43}},"14":{"start":{"line":15,"column":0},"end":{"line":15,"column":72}},"15":{"start":{"line":16,"column":0},"end":{"line":16,"column":19}},"16":{"start":{"line":17,"column":0},"end":{"line":17,"column":9}},"17":{"start":{"line":18,"column":0},"end":{"line":18,"column":0}},"18":{"start":{"line":19,"column":0},"end":{"line":19,"column":79}},"19":{"start":{"line":20,"column":0},"end":{"line":20,"column":5}},"20":{"start":{"line":21,"column":0},"end":{"line":21,"column":0}},"21":{"start":{"line":22,"column":0},"end":{"line":22,"column":56}},"22":{"start":{"line":23,"column":0},"end":{"line":23,"column":0}},"23":{"start":{"line":24,"column":0},"end":{"line":24,"column":41}},"24":{"start":{"line":25,"column":0},"end":{"line":25,"column":22}},"25":{"start":{"line":26,"column":0},"end":{"line":26,"column":43}},"26":{"start":{"line":27,"column":0},"end":{"line":27,"column":58}},"27":{"start":{"line":28,"column":0},"end":{"line":28,"column":5}},"28":{"start":{"line":29,"column":0},"end":{"line":29,"column":0}},"29":{"start":{"line":30,"column":0},"end":{"line":30,"column":59}},"30":{"start":{"line":31,"column":0},"end":{"line":31,"column":49}},"31":{"start":{"line":32,"column":0},"end":{"line":32,"column":88}},"32":{"start":{"line":33,"column":0},"end":{"line":33,"column":0}},"33":{"start":{"line":34,"column":0},"end":{"line":34,"column":40}},"34":{"start":{"line":35,"column":0},"end":{"line":35,"column":28}},"35":{"start":{"line":36,"column":0},"end":{"line":36,"column":41}},"36":{"start":{"line":37,"column":0},"end":{"line":37,"column":58}},"37":{"start":{"line":38,"column":0},"end":{"line":38,"column":5}},"38":{"start":{"line":39,"column":0},"end":{"line":39,"column":0}},"39":{"start":{"line":40,"column":0},"end":{"line":40,"column":0}},"40":{"start":{"line":41,"column":0},"end":{"line":41,"column":58}},"41":{"start":{"line":42,"column":0},"end":{"line":42,"column":70}},"42":{"start":{"line":43,"column":0},"end":{"line":43,"column":58}},"43":{"start":{"line":44,"column":0},"end":{"line":44,"column":0}},"44":{"start":{"line":45,"column":0},"end":{"line":45,"column":43}},"45":{"start":{"line":46,"column":0},"end":{"line":46,"column":36}},"46":{"start":{"line":47,"column":0},"end":{"line":47,"column":59}},"47":{"start":{"line":48,"column":0},"end":{"line":48,"column":58}},"48":{"start":{"line":49,"column":0},"end":{"line":49,"column":0}},"49":{"start":{"line":50,"column":0},"end":{"line":50,"column":5}},"50":{"start":{"line":51,"column":0},"end":{"line":51,"column":0}},"51":{"start":{"line":52,"column":0},"end":{"line":52,"column":58}},"52":{"start":{"line":53,"column":0},"end":{"line":53,"column":42}},"53":{"start":{"line":54,"column":0},"end":{"line":54,"column":89}},"54":{"start":{"line":55,"column":0},"end":{"line":55,"column":58}},"55":{"start":{"line":56,"column":0},"end":{"line":56,"column":0}},"56":{"start":{"line":57,"column":0},"end":{"line":57,"column":43}},"57":{"start":{"line":58,"column":0},"end":{"line":58,"column":36}},"58":{"start":{"line":59,"column":0},"end":{"line":59,"column":55}},"59":{"start":{"line":60,"column":0},"end":{"line":60,"column":58}},"60":{"start":{"line":61,"column":0},"end":{"line":61,"column":5}},"61":{"start":{"line":62,"column":0},"end":{"line":62,"column":0}},"62":{"start":{"line":63,"column":0},"end":{"line":63,"column":58}},"63":{"start":{"line":64,"column":0},"end":{"line":64,"column":49}},"64":{"start":{"line":65,"column":0},"end":{"line":65,"column":89}},"65":{"start":{"line":66,"column":0},"end":{"line":66,"column":0}},"66":{"start":{"line":67,"column":0},"end":{"line":67,"column":43}},"67":{"start":{"line":68,"column":0},"end":{"line":68,"column":28}},"68":{"start":{"line":69,"column":0},"end":{"line":69,"column":55}},"69":{"start":{"line":70,"column":0},"end":{"line":70,"column":58}},"70":{"start":{"line":71,"column":0},"end":{"line":71,"column":0}},"71":{"start":{"line":72,"column":0},"end":{"line":72,"column":5}},"72":{"start":{"line":73,"column":0},"end":{"line":73,"column":0}},"73":{"start":{"line":74,"column":0},"end":{"line":74,"column":1}}},"s":{"0":1,"1":1,"2":1,"3":1,"4":1,"5":1,"6":1,"7":1,"8":1,"9":2,"10":2,"11":1,"12":1,"13":2,"14":2,"15":2,"16":2,"17":0,"18":0,"19":0,"20":1,"21":1,"22":1,"23":1,"24":1,"25":1,"26":1,"27":1,"28":1,"29":1,"30":2,"31":2,"32":2,"33":2,"34":2,"35":2,"36":2,"37":2,"38":1,"39":1,"40":1,"41":2,"42":2,"43":1,"44":1,"45":1,"46":1,"47":1,"48":1,"49":1,"50":1,"51":1,"52":3,"53":3,"54":3,"55":2,"56":2,"57":2,"58":2,"59":2,"60":2,"61":1,"62":1,"63":1,"64":1,"65":1,"66":1,"67":1,"68":1,"69":1,"70":1,"71":1,"72":1,"73":1},"branchMap":{"0":{"type":"branch","line":9,"loc":{"start":{"line":9,"column":4},"end":{"line":11,"column":9}},"locations":[{"start":{"line":9,"column":4},"end":{"line":11,"column":9}}]},"1":{"type":"branch","line":13,"loc":{"start":{"line":13,"column":26},"end":{"line":20,"column":5}},"locations":[{"start":{"line":13,"column":26},"end":{"line":20,"column":5}}]},"2":{"type":"branch","line":18,"loc":{"start":{"line":18,"column":-2},"end":{"line":20,"column":5}},"locations":[{"start":{"line":18,"column":-2},"end":{"line":20,"column":5}}]},"3":{"type":"branch","line":22,"loc":{"start":{"line":22,"column":22},"end":{"line":28,"column":5}},"locations":[{"start":{"line":22,"column":22},"end":{"line":28,"column":5}}]},"4":{"type":"branch","line":26,"loc":{"start":{"line":26,"column":18},"end":{"line":26,"column":42}},"locations":[{"start":{"line":26,"column":18},"end":{"line":26,"column":42}}]},"5":{"type":"branch","line":30,"loc":{"start":{"line":30,"column":25},"end":{"line":38,"column":5}},"locations":[{"start":{"line":30,"column":25},"end":{"line":38,"column":5}}]},"6":{"type":"branch","line":32,"loc":{"start":{"line":32,"column":27},"end":{"line":32,"column":88}},"locations":[{"start":{"line":32,"column":27},"end":{"line":32,"column":88}}]},"7":{"type":"branch","line":36,"loc":{"start":{"line":36,"column":18},"end":{"line":36,"column":40}},"locations":[{"start":{"line":36,"column":18},"end":{"line":36,"column":40}}]},"8":{"type":"branch","line":37,"loc":{"start":{"line":37,"column":19},"end":{"line":37,"column":56}},"locations":[{"start":{"line":37,"column":19},"end":{"line":37,"column":56}}]},"9":{"type":"branch","line":41,"loc":{"start":{"line":41,"column":24},"end":{"line":50,"column":5}},"locations":[{"start":{"line":41,"column":24},"end":{"line":50,"column":5}}]},"10":{"type":"branch","line":43,"loc":{"start":{"line":43,"column":19},"end":{"line":50,"column":5}},"locations":[{"start":{"line":43,"column":19},"end":{"line":50,"column":5}}]},"11":{"type":"branch","line":47,"loc":{"start":{"line":47,"column":18},"end":{"line":47,"column":58}},"locations":[{"start":{"line":47,"column":18},"end":{"line":47,"column":58}}]},"12":{"type":"branch","line":52,"loc":{"start":{"line":52,"column":24},"end":{"line":61,"column":5}},"locations":[{"start":{"line":52,"column":24},"end":{"line":61,"column":5}}]},"13":{"type":"branch","line":55,"loc":{"start":{"line":55,"column":19},"end":{"line":55,"column":58}},"locations":[{"start":{"line":55,"column":19},"end":{"line":55,"column":58}}]},"14":{"type":"branch","line":56,"loc":{"start":{"line":56,"column":-2},"end":{"line":61,"column":5}},"locations":[{"start":{"line":56,"column":-2},"end":{"line":61,"column":5}}]},"15":{"type":"branch","line":59,"loc":{"start":{"line":59,"column":18},"end":{"line":59,"column":54}},"locations":[{"start":{"line":59,"column":18},"end":{"line":59,"column":54}}]},"16":{"type":"branch","line":60,"loc":{"start":{"line":60,"column":19},"end":{"line":60,"column":56}},"locations":[{"start":{"line":60,"column":19},"end":{"line":60,"column":56}}]},"17":{"type":"branch","line":63,"loc":{"start":{"line":63,"column":24},"end":{"line":72,"column":5}},"locations":[{"start":{"line":63,"column":24},"end":{"line":72,"column":5}}]},"18":{"type":"branch","line":65,"loc":{"start":{"line":65,"column":27},"end":{"line":65,"column":89}},"locations":[{"start":{"line":65,"column":27},"end":{"line":65,"column":89}}]},"19":{"type":"branch","line":69,"loc":{"start":{"line":69,"column":18},"end":{"line":69,"column":54}},"locations":[{"start":{"line":69,"column":18},"end":{"line":69,"column":54}}]}},"b":{"0":[2],"1":[2],"2":[0],"3":[1],"4":[1],"5":[2],"6":[0],"7":[1],"8":[1],"9":[2],"10":[1],"11":[1],"12":[3],"13":[1],"14":[2],"15":[1],"16":[1],"17":[1],"18":[0],"19":[1]},"fnMap":{"0":{"name":"TodosController","decl":{"start":{"line":9,"column":4},"end":{"line":11,"column":9}},"loc":{"start":{"line":9,"column":4},"end":{"line":11,"column":9}},"line":9},"1":{"name":"TodosController.handleError","decl":{"start":{"line":13,"column":26},"end":{"line":20,"column":5}},"loc":{"start":{"line":13,"column":26},"end":{"line":20,"column":5}},"line":13},"2":{"name":"TodosController.getTodos","decl":{"start":{"line":22,"column":22},"end":{"line":28,"column":5}},"loc":{"start":{"line":22,"column":22},"end":{"line":28,"column":5}},"line":22},"3":{"name":"TodosController.getTodoById","decl":{"start":{"line":30,"column":25},"end":{"line":38,"column":5}},"loc":{"start":{"line":30,"column":25},"end":{"line":38,"column":5}},"line":30},"4":{"name":"TodosController.createTodo","decl":{"start":{"line":41,"column":24},"end":{"line":50,"column":5}},"loc":{"start":{"line":41,"column":24},"end":{"line":50,"column":5}},"line":41},"5":{"name":"TodosController.updateTodo","decl":{"start":{"line":52,"column":24},"end":{"line":61,"column":5}},"loc":{"start":{"line":52,"column":24},"end":{"line":61,"column":5}},"line":52},"6":{"name":"TodosController.deleteTodo","decl":{"start":{"line":63,"column":24},"end":{"line":72,"column":5}},"loc":{"start":{"line":63,"column":24},"end":{"line":72,"column":5}},"line":63}},"f":{"0":2,"1":2,"2":1,"3":2,"4":2,"5":3,"6":1}}
,"C:\\Users\\rodri\\Documents\\Curso\\Fernando herrera\\Nodejs2023\\9-RESTWeb\\tests\\test-server.ts": {"path":"C:\\Users\\rodri\\Documents\\Curso\\Fernando herrera\\Nodejs2023\\9-RESTWeb\\tests\\test-server.ts","all":false,"statementMap":{"0":{"start":{"line":1,"column":0},"end":{"line":1,"column":52}},"1":{"start":{"line":2,"column":0},"end":{"line":2,"column":42}},"2":{"start":{"line":3,"column":0},"end":{"line":3,"column":55}},"3":{"start":{"line":4,"column":0},"end":{"line":4,"column":0}},"4":{"start":{"line":5,"column":0},"end":{"line":5,"column":0}},"5":{"start":{"line":6,"column":0},"end":{"line":6,"column":0}},"6":{"start":{"line":7,"column":0},"end":{"line":7,"column":38}},"7":{"start":{"line":8,"column":0},"end":{"line":8,"column":20}},"8":{"start":{"line":9,"column":0},"end":{"line":9,"column":29}},"9":{"start":{"line":10,"column":0},"end":{"line":10,"column":32}},"10":{"start":{"line":11,"column":0},"end":{"line":11,"column":3}}},"s":{"0":1,"1":1,"2":1,"3":1,"4":1,"5":1,"6":1,"7":1,"8":1,"9":1,"10":1},"branchMap":{},"b":{},"fnMap":{},"f":{}}
}
