{"C:\\Users\\rodri\\Documents\\Curso\\Fernando herrera\\Nodejs2023\\9-RESTWeb\\src\\app.ts": {"path":"C:\\Users\\rodri\\Documents\\Curso\\Fernando herrera\\Nodejs2023\\9-RESTWeb\\src\\app.ts","all":false,"statementMap":{"0":{"start":{"line":1,"column":0},"end":{"line":1,"column":37}},"1":{"start":{"line":2,"column":0},"end":{"line":2,"column":50}},"2":{"start":{"line":3,"column":0},"end":{"line":3,"column":47}},"3":{"start":{"line":4,"column":0},"end":{"line":4,"column":0}},"4":{"start":{"line":5,"column":0},"end":{"line":5,"column":14}},"5":{"start":{"line":6,"column":0},"end":{"line":6,"column":11}},"6":{"start":{"line":7,"column":0},"end":{"line":7,"column":5}},"7":{"start":{"line":8,"column":0},"end":{"line":8,"column":0}},"8":{"start":{"line":9,"column":0},"end":{"line":9,"column":0}},"9":{"start":{"line":10,"column":0},"end":{"line":10,"column":23}},"10":{"start":{"line":11,"column":0},"end":{"line":11,"column":31}},"11":{"start":{"line":12,"column":0},"end":{"line":12,"column":24}},"12":{"start":{"line":13,"column":0},"end":{"line":13,"column":37}},"13":{"start":{"line":14,"column":0},"end":{"line":14,"column":33}},"14":{"start":{"line":15,"column":0},"end":{"line":15,"column":7}},"15":{"start":{"line":16,"column":0},"end":{"line":16,"column":0}},"16":{"start":{"line":17,"column":0},"end":{"line":17,"column":25}},"17":{"start":{"line":18,"column":0},"end":{"line":18,"column":1}}},"s":{"0":1,"1":1,"2":1,"3":1,"4":1,"5":1,"6":1,"7":1,"8":1,"9":1,"10":1,"11":1,"12":1,"13":1,"14":1,"15":1,"16":1,"17":1},"branchMap":{"0":{"type":"branch","line":5,"loc":{"start":{"line":5,"column":1},"end":{"line":7,"column":2}},"locations":[{"start":{"line":5,"column":1},"end":{"line":7,"column":2}}]},"1":{"type":"branch","line":5,"loc":{"start":{"line":5,"column":12},"end":{"line":7,"column":2}},"locations":[{"start":{"line":5,"column":12},"end":{"line":7,"column":2}}]},"2":{"type":"branch","line":10,"loc":{"start":{"line":10,"column":0},"end":{"line":18,"column":1}},"locations":[{"start":{"line":10,"column":0},"end":{"line":18,"column":1}}]}},"b":{"0":[1],"1":[1],"2":[1]},"fnMap":{"0":{"name":"main","decl":{"start":{"line":10,"column":0},"end":{"line":18,"column":1}},"loc":{"start":{"line":10,"column":0},"end":{"line":18,"column":1}},"line":10}},"f":{"0":1}}
,"C:\\Users\\rodri\\Documents\\Curso\\Fernando herrera\\Nodejs2023\\9-RESTWeb\\src\\config\\envs.ts": {"path":"C:\\Users\\rodri\\Documents\\Curso\\Fernando herrera\\Nodejs2023\\9-RESTWeb\\src\\config\\envs.ts","all":false,"statementMap":{"0":{"start":{"line":1,"column":0},"end":{"line":1,"column":23}},"1":{"start":{"line":2,"column":0},"end":{"line":2,"column":30}},"2":{"start":{"line":3,"column":0},"end":{"line":3,"column":0}},"3":{"start":{"line":4,"column":0},"end":{"line":4,"column":0}},"4":{"start":{"line":5,"column":0},"end":{"line":5,"column":21}},"5":{"start":{"line":6,"column":0},"end":{"line":6,"column":48}},"6":{"start":{"line":7,"column":0},"end":{"line":7,"column":65}},"7":{"start":{"line":8,"column":0},"end":{"line":8,"column":1}}},"s":{"0":1,"1":1,"2":1,"3":1,"4":1,"5":1,"6":1,"7":1},"branchMap":{},"b":{},"fnMap":{},"f":{}}
,"C:\\Users\\rodri\\Documents\\Curso\\Fernando herrera\\Nodejs2023\\9-RESTWeb\\src\\data\\postgres\\index.ts": {"path":"C:\\Users\\rodri\\Documents\\Curso\\Fernando herrera\\Nodejs2023\\9-RESTWeb\\src\\data\\postgres\\index.ts","all":false,"statementMap":{"0":{"start":{"line":1,"column":0},"end":{"line":1,"column":46}},"1":{"start":{"line":2,"column":0},"end":{"line":2,"column":0}},"2":{"start":{"line":3,"column":0},"end":{"line":3,"column":0}},"3":{"start":{"line":4,"column":0},"end":{"line":4,"column":0}},"4":{"start":{"line":5,"column":0},"end":{"line":5,"column":0}},"5":{"start":{"line":6,"column":0},"end":{"line":6,"column":41}}},"s":{"0":1,"1":1,"2":1,"3":1,"4":1,"5":1},"branchMap":{},"b":{},"fnMap":{},"f":{}}
,"C:\\Users\\rodri\\Documents\\Curso\\Fernando herrera\\Nodejs2023\\9-RESTWeb\\src\\domain\\dtos\\todos\\create-todo.dto.ts": {"path":"C:\\Users\\rodri\\Documents\\Curso\\Fernando herrera\\Nodejs2023\\9-RESTWeb\\src\\domain\\dtos\\todos\\create-todo.dto.ts","all":false,"statementMap":{"0":{"start":{"line":1,"column":0},"end":{"line":1,"column":0}},"1":{"start":{"line":2,"column":0},"end":{"line":2,"column":0}},"2":{"start":{"line":3,"column":0},"end":{"line":3,"column":28}},"3":{"start":{"line":4,"column":0},"end":{"line":4,"column":0}},"4":{"start":{"line":5,"column":0},"end":{"line":5,"column":24}},"5":{"start":{"line":6,"column":0},"end":{"line":6,"column":37}},"6":{"start":{"line":7,"column":0},"end":{"line":7,"column":9}},"7":{"start":{"line":8,"column":0},"end":{"line":8,"column":0}},"8":{"start":{"line":9,"column":0},"end":{"line":9,"column":77}},"9":{"start":{"line":10,"column":0},"end":{"line":10,"column":31}},"10":{"start":{"line":11,"column":0},"end":{"line":11,"column":0}},"11":{"start":{"line":12,"column":0},"end":{"line":12,"column":88}},"12":{"start":{"line":13,"column":0},"end":{"line":13,"column":0}},"13":{"start":{"line":14,"column":0},"end":{"line":14,"column":52}},"14":{"start":{"line":15,"column":0},"end":{"line":15,"column":5}},"15":{"start":{"line":16,"column":0},"end":{"line":16,"column":1}}},"s":{"0":1,"1":1,"2":1,"3":1,"4":1,"5":1,"6":1,"7":1,"8":1,"9":2,"10":2,"11":2,"12":1,"13":1,"14":1,"15":1},"branchMap":{"0":{"type":"branch","line":5,"loc":{"start":{"line":5,"column":4},"end":{"line":7,"column":9}},"locations":[{"start":{"line":5,"column":4},"end":{"line":7,"column":9}}]},"1":{"type":"branch","line":9,"loc":{"start":{"line":9,"column":11},"end":{"line":15,"column":5}},"locations":[{"start":{"line":9,"column":11},"end":{"line":15,"column":5}}]},"2":{"type":"branch","line":12,"loc":{"start":{"line":12,"column":17},"end":{"line":12,"column":38}},"locations":[{"start":{"line":12,"column":17},"end":{"line":12,"column":38}}]},"3":{"type":"branch","line":12,"loc":{"start":{"line":12,"column":40},"end":{"line":15,"column":5}},"locations":[{"start":{"line":12,"column":40},"end":{"line":15,"column":5}}]}},"b":{"0":[1],"1":[2],"2":[1],"3":[1]},"fnMap":{"0":{"name":"CreateTodoDto","decl":{"start":{"line":5,"column":4},"end":{"line":7,"column":9}},"loc":{"start":{"line":5,"column":4},"end":{"line":7,"column":9}},"line":5},"1":{"name":"create","decl":{"start":{"line":9,"column":11},"end":{"line":15,"column":5}},"loc":{"start":{"line":9,"column":11},"end":{"line":15,"column":5}},"line":9}},"f":{"0":1,"1":2}}
,"C:\\Users\\rodri\\Documents\\Curso\\Fernando herrera\\Nodejs2023\\9-RESTWeb\\src\\presentation\\server.ts": {"path":"C:\\Users\\rodri\\Documents\\Curso\\Fernando herrera\\Nodejs2023\\9-RESTWeb\\src\\presentation\\server.ts","all":false,"statementMap":{"0":{"start":{"line":1,"column":0},"end":{"line":1,"column":42}},"1":{"start":{"line":2,"column":0},"end":{"line":2,"column":38}},"2":{"start":{"line":3,"column":0},"end":{"line":3,"column":24}},"3":{"start":{"line":4,"column":0},"end":{"line":4,"column":0}},"4":{"start":{"line":5,"column":0},"end":{"line":5,"column":19}},"5":{"start":{"line":6,"column":0},"end":{"line":6,"column":17}},"6":{"start":{"line":7,"column":0},"end":{"line":7,"column":24}},"7":{"start":{"line":8,"column":0},"end":{"line":8,"column":19}},"8":{"start":{"line":9,"column":0},"end":{"line":9,"column":1}},"9":{"start":{"line":10,"column":0},"end":{"line":10,"column":0}},"10":{"start":{"line":11,"column":0},"end":{"line":11,"column":21}},"11":{"start":{"line":12,"column":0},"end":{"line":12,"column":0}},"12":{"start":{"line":13,"column":0},"end":{"line":13,"column":36}},"13":{"start":{"line":14,"column":0},"end":{"line":14,"column":33}},"14":{"start":{"line":15,"column":0},"end":{"line":15,"column":34}},"15":{"start":{"line":16,"column":0},"end":{"line":16,"column":40}},"16":{"start":{"line":17,"column":0},"end":{"line":17,"column":36}},"17":{"start":{"line":18,"column":0},"end":{"line":18,"column":0}},"18":{"start":{"line":19,"column":0},"end":{"line":19,"column":35}},"19":{"start":{"line":20,"column":0},"end":{"line":20,"column":53}},"20":{"start":{"line":21,"column":0},"end":{"line":21,"column":0}},"21":{"start":{"line":22,"column":0},"end":{"line":22,"column":25}},"22":{"start":{"line":23,"column":0},"end":{"line":23,"column":38}},"23":{"start":{"line":24,"column":0},"end":{"line":24,"column":29}},"24":{"start":{"line":25,"column":0},"end":{"line":25,"column":5}},"25":{"start":{"line":26,"column":0},"end":{"line":26,"column":0}},"26":{"start":{"line":27,"column":0},"end":{"line":27,"column":0}},"27":{"start":{"line":28,"column":0},"end":{"line":28,"column":19}},"28":{"start":{"line":29,"column":0},"end":{"line":29,"column":0}},"29":{"start":{"line":30,"column":0},"end":{"line":30,"column":23}},"30":{"start":{"line":31,"column":0},"end":{"line":31,"column":37}},"31":{"start":{"line":32,"column":0},"end":{"line":32,"column":61}},"32":{"start":{"line":33,"column":0},"end":{"line":33,"column":36}},"33":{"start":{"line":34,"column":0},"end":{"line":34,"column":0}},"34":{"start":{"line":35,"column":0},"end":{"line":35,"column":25}},"35":{"start":{"line":36,"column":0},"end":{"line":36,"column":54}},"36":{"start":{"line":37,"column":0},"end":{"line":37,"column":0}},"37":{"start":{"line":38,"column":0},"end":{"line":38,"column":0}},"38":{"start":{"line":39,"column":0},"end":{"line":39,"column":18}},"39":{"start":{"line":40,"column":0},"end":{"line":40,"column":34}},"40":{"start":{"line":41,"column":0},"end":{"line":41,"column":0}},"41":{"start":{"line":42,"column":0},"end":{"line":42,"column":0}},"42":{"start":{"line":43,"column":0},"end":{"line":43,"column":41}},"43":{"start":{"line":44,"column":0},"end":{"line":44,"column":90}},"44":{"start":{"line":45,"column":0},"end":{"line":45,"column":36}},"45":{"start":{"line":46,"column":0},"end":{"line":46,"column":11}},"46":{"start":{"line":47,"column":0},"end":{"line":47,"column":0}},"47":{"start":{"line":48,"column":0},"end":{"line":48,"column":0}},"48":{"start":{"line":49,"column":0},"end":{"line":49,"column":64}},"49":{"start":{"line":50,"column":0},"end":{"line":50,"column":63}},"50":{"start":{"line":51,"column":0},"end":{"line":51,"column":11}},"51":{"start":{"line":52,"column":0},"end":{"line":52,"column":0}},"52":{"start":{"line":53,"column":0},"end":{"line":53,"column":5}},"53":{"start":{"line":54,"column":0},"end":{"line":54,"column":0}},"54":{"start":{"line":55,"column":0},"end":{"line":55,"column":20}},"55":{"start":{"line":56,"column":0},"end":{"line":56,"column":37}},"56":{"start":{"line":57,"column":0},"end":{"line":57,"column":5}},"57":{"start":{"line":58,"column":0},"end":{"line":58,"column":0}},"58":{"start":{"line":59,"column":0},"end":{"line":59,"column":0}},"59":{"start":{"line":60,"column":0},"end":{"line":60,"column":1}}},"s":{"0":1,"1":1,"2":1,"3":1,"4":1,"5":1,"6":1,"7":1,"8":1,"9":1,"10":1,"11":1,"12":1,"13":1,"14":1,"15":1,"16":1,"17":1,"18":1,"19":1,"20":1,"21":1,"22":1,"23":1,"24":1,"25":1,"26":1,"27":1,"28":1,"29":1,"30":1,"31":1,"32":1,"33":1,"34":1,"35":1,"36":1,"37":1,"38":1,"39":1,"40":1,"41":1,"42":1,"43":0,"44":0,"45":1,"46":1,"47":1,"48":1,"49":1,"50":1,"51":1,"52":1,"53":1,"54":1,"55":1,"56":1,"57":1,"58":1,"59":1},"branchMap":{"0":{"type":"branch","line":19,"loc":{"start":{"line":19,"column":4},"end":{"line":25,"column":5}},"locations":[{"start":{"line":19,"column":4},"end":{"line":25,"column":5}}]},"1":{"type":"branch","line":28,"loc":{"start":{"line":28,"column":10},"end":{"line":53,"column":5}},"locations":[{"start":{"line":28,"column":10},"end":{"line":53,"column":5}}]},"2":{"type":"branch","line":49,"loc":{"start":{"line":49,"column":57},"end":{"line":51,"column":9}},"locations":[{"start":{"line":49,"column":57},"end":{"line":51,"column":9}}]},"3":{"type":"branch","line":55,"loc":{"start":{"line":55,"column":11},"end":{"line":57,"column":5}},"locations":[{"start":{"line":55,"column":11},"end":{"line":57,"column":5}}]},"4":{"type":"branch","line":56,"loc":{"start":{"line":56,"column":27},"end":{"line":56,"column":29}},"locations":[{"start":{"line":56,"column":27},"end":{"line":56,"column":29}}]}},"b":{"0":[1],"1":[1],"2":[1],"3":[1],"4":[0]},"fnMap":{"0":{"name":"Server","decl":{"start":{"line":19,"column":4},"end":{"line":25,"column":5}},"loc":{"start":{"line":19,"column":4},"end":{"line":25,"column":5}},"line":19},"1":{"name":"start","decl":{"start":{"line":28,"column":10},"end":{"line":53,"column":5}},"loc":{"start":{"line":28,"column":10},"end":{"line":53,"column":5}},"line":28},"2":{"name":"close","decl":{"start":{"line":55,"column":11},"end":{"line":57,"column":5}},"loc":{"start":{"line":55,"column":11},"end":{"line":57,"column":5}},"line":55}},"f":{"0":1,"1":1,"2":1}}
,"C:\\Users\\rodri\\Documents\\Curso\\Fernando herrera\\Nodejs2023\\9-RESTWeb\\src\\presentation\\todos\\controller.ts": {"path":"C:\\Users\\rodri\\Documents\\Curso\\Fernando herrera\\Nodejs2023\\9-RESTWeb\\src\\presentation\\todos\\controller.ts","all":false,"statementMap":{"0":{"start":{"line":1,"column":0},"end":{"line":1,"column":44}},"1":{"start":{"line":2,"column":0},"end":{"line":2,"column":65}},"2":{"start":{"line":3,"column":0},"end":{"line":3,"column":101}},"3":{"start":{"line":4,"column":0},"end":{"line":4,"column":0}},"4":{"start":{"line":5,"column":0},"end":{"line":5,"column":0}},"5":{"start":{"line":6,"column":0},"end":{"line":6,"column":30}},"6":{"start":{"line":7,"column":0},"end":{"line":7,"column":0}},"7":{"start":{"line":8,"column":0},"end":{"line":8,"column":10}},"8":{"start":{"line":9,"column":0},"end":{"line":9,"column":16}},"9":{"start":{"line":10,"column":0},"end":{"line":10,"column":55}},"10":{"start":{"line":11,"column":0},"end":{"line":11,"column":9}},"11":{"start":{"line":12,"column":0},"end":{"line":12,"column":0}},"12":{"start":{"line":13,"column":0},"end":{"line":13,"column":0}},"13":{"start":{"line":14,"column":0},"end":{"line":14,"column":56}},"14":{"start":{"line":15,"column":0},"end":{"line":15,"column":0}},"15":{"start":{"line":16,"column":0},"end":{"line":16,"column":41}},"16":{"start":{"line":17,"column":0},"end":{"line":17,"column":22}},"17":{"start":{"line":18,"column":0},"end":{"line":18,"column":43}},"18":{"start":{"line":19,"column":0},"end":{"line":19,"column":61}},"19":{"start":{"line":20,"column":0},"end":{"line":20,"column":5}},"20":{"start":{"line":21,"column":0},"end":{"line":21,"column":0}},"21":{"start":{"line":22,"column":0},"end":{"line":22,"column":59}},"22":{"start":{"line":23,"column":0},"end":{"line":23,"column":49}},"23":{"start":{"line":24,"column":0},"end":{"line":24,"column":88}},"24":{"start":{"line":25,"column":0},"end":{"line":25,"column":0}},"25":{"start":{"line":26,"column":0},"end":{"line":26,"column":40}},"26":{"start":{"line":27,"column":0},"end":{"line":27,"column":28}},"27":{"start":{"line":28,"column":0},"end":{"line":28,"column":41}},"28":{"start":{"line":29,"column":0},"end":{"line":29,"column":61}},"29":{"start":{"line":30,"column":0},"end":{"line":30,"column":5}},"30":{"start":{"line":31,"column":0},"end":{"line":31,"column":0}},"31":{"start":{"line":32,"column":0},"end":{"line":32,"column":0}},"32":{"start":{"line":33,"column":0},"end":{"line":33,"column":58}},"33":{"start":{"line":34,"column":0},"end":{"line":34,"column":70}},"34":{"start":{"line":35,"column":0},"end":{"line":35,"column":58}},"35":{"start":{"line":36,"column":0},"end":{"line":36,"column":0}},"36":{"start":{"line":37,"column":0},"end":{"line":37,"column":43}},"37":{"start":{"line":38,"column":0},"end":{"line":38,"column":36}},"38":{"start":{"line":39,"column":0},"end":{"line":39,"column":59}},"39":{"start":{"line":40,"column":0},"end":{"line":40,"column":61}},"40":{"start":{"line":41,"column":0},"end":{"line":41,"column":0}},"41":{"start":{"line":42,"column":0},"end":{"line":42,"column":5}},"42":{"start":{"line":43,"column":0},"end":{"line":43,"column":0}},"43":{"start":{"line":44,"column":0},"end":{"line":44,"column":58}},"44":{"start":{"line":45,"column":0},"end":{"line":45,"column":42}},"45":{"start":{"line":46,"column":0},"end":{"line":46,"column":89}},"46":{"start":{"line":47,"column":0},"end":{"line":47,"column":58}},"47":{"start":{"line":48,"column":0},"end":{"line":48,"column":0}},"48":{"start":{"line":49,"column":0},"end":{"line":49,"column":43}},"49":{"start":{"line":50,"column":0},"end":{"line":50,"column":36}},"50":{"start":{"line":51,"column":0},"end":{"line":51,"column":55}},"51":{"start":{"line":52,"column":0},"end":{"line":52,"column":61}},"52":{"start":{"line":53,"column":0},"end":{"line":53,"column":5}},"53":{"start":{"line":54,"column":0},"end":{"line":54,"column":0}},"54":{"start":{"line":55,"column":0},"end":{"line":55,"column":58}},"55":{"start":{"line":56,"column":0},"end":{"line":56,"column":49}},"56":{"start":{"line":57,"column":0},"end":{"line":57,"column":89}},"57":{"start":{"line":58,"column":0},"end":{"line":58,"column":0}},"58":{"start":{"line":59,"column":0},"end":{"line":59,"column":43}},"59":{"start":{"line":60,"column":0},"end":{"line":60,"column":28}},"60":{"start":{"line":61,"column":0},"end":{"line":61,"column":55}},"61":{"start":{"line":62,"column":0},"end":{"line":62,"column":61}},"62":{"start":{"line":63,"column":0},"end":{"line":63,"column":0}},"63":{"start":{"line":64,"column":0},"end":{"line":64,"column":5}},"64":{"start":{"line":65,"column":0},"end":{"line":65,"column":0}},"65":{"start":{"line":66,"column":0},"end":{"line":66,"column":1}}},"s":{"0":1,"1":1,"2":1,"3":1,"4":1,"5":1,"6":1,"7":1,"8":1,"9":2,"10":2,"11":1,"12":1,"13":1,"14":1,"15":1,"16":1,"17":1,"18":1,"19":1,"20":1,"21":1,"22":2,"23":2,"24":2,"25":2,"26":2,"27":2,"28":2,"29":2,"30":1,"31":1,"32":1,"33":2,"34":2,"35":1,"36":1,"37":1,"38":1,"39":1,"40":1,"41":1,"42":1,"43":1,"44":3,"45":3,"46":3,"47":2,"48":2,"49":2,"50":2,"51":2,"52":2,"53":1,"54":1,"55":1,"56":1,"57":1,"58":1,"59":1,"60":1,"61":1,"62":1,"63":1,"64":1,"65":1},"branchMap":{"0":{"type":"branch","line":9,"loc":{"start":{"line":9,"column":4},"end":{"line":11,"column":9}},"locations":[{"start":{"line":9,"column":4},"end":{"line":11,"column":9}}]},"1":{"type":"branch","line":14,"loc":{"start":{"line":14,"column":22},"end":{"line":20,"column":5}},"locations":[{"start":{"line":14,"column":22},"end":{"line":20,"column":5}}]},"2":{"type":"branch","line":18,"loc":{"start":{"line":18,"column":18},"end":{"line":18,"column":42}},"locations":[{"start":{"line":18,"column":18},"end":{"line":18,"column":42}}]},"3":{"type":"branch","line":22,"loc":{"start":{"line":22,"column":25},"end":{"line":30,"column":5}},"locations":[{"start":{"line":22,"column":25},"end":{"line":30,"column":5}}]},"4":{"type":"branch","line":24,"loc":{"start":{"line":24,"column":27},"end":{"line":24,"column":88}},"locations":[{"start":{"line":24,"column":27},"end":{"line":24,"column":88}}]},"5":{"type":"branch","line":28,"loc":{"start":{"line":28,"column":18},"end":{"line":28,"column":40}},"locations":[{"start":{"line":28,"column":18},"end":{"line":28,"column":40}}]},"6":{"type":"branch","line":29,"loc":{"start":{"line":29,"column":19},"end":{"line":29,"column":59}},"locations":[{"start":{"line":29,"column":19},"end":{"line":29,"column":59}}]},"7":{"type":"branch","line":33,"loc":{"start":{"line":33,"column":24},"end":{"line":42,"column":5}},"locations":[{"start":{"line":33,"column":24},"end":{"line":42,"column":5}}]},"8":{"type":"branch","line":35,"loc":{"start":{"line":35,"column":19},"end":{"line":42,"column":5}},"locations":[{"start":{"line":35,"column":19},"end":{"line":42,"column":5}}]},"9":{"type":"branch","line":39,"loc":{"start":{"line":39,"column":18},"end":{"line":39,"column":58}},"locations":[{"start":{"line":39,"column":18},"end":{"line":39,"column":58}}]},"10":{"type":"branch","line":44,"loc":{"start":{"line":44,"column":24},"end":{"line":53,"column":5}},"locations":[{"start":{"line":44,"column":24},"end":{"line":53,"column":5}}]},"11":{"type":"branch","line":47,"loc":{"start":{"line":47,"column":19},"end":{"line":47,"column":58}},"locations":[{"start":{"line":47,"column":19},"end":{"line":47,"column":58}}]},"12":{"type":"branch","line":48,"loc":{"start":{"line":48,"column":-2},"end":{"line":53,"column":5}},"locations":[{"start":{"line":48,"column":-2},"end":{"line":53,"column":5}}]},"13":{"type":"branch","line":51,"loc":{"start":{"line":51,"column":18},"end":{"line":51,"column":54}},"locations":[{"start":{"line":51,"column":18},"end":{"line":51,"column":54}}]},"14":{"type":"branch","line":52,"loc":{"start":{"line":52,"column":19},"end":{"line":52,"column":59}},"locations":[{"start":{"line":52,"column":19},"end":{"line":52,"column":59}}]},"15":{"type":"branch","line":55,"loc":{"start":{"line":55,"column":24},"end":{"line":64,"column":5}},"locations":[{"start":{"line":55,"column":24},"end":{"line":64,"column":5}}]},"16":{"type":"branch","line":57,"loc":{"start":{"line":57,"column":27},"end":{"line":57,"column":89}},"locations":[{"start":{"line":57,"column":27},"end":{"line":57,"column":89}}]},"17":{"type":"branch","line":61,"loc":{"start":{"line":61,"column":18},"end":{"line":61,"column":54}},"locations":[{"start":{"line":61,"column":18},"end":{"line":61,"column":54}}]}},"b":{"0":[2],"1":[1],"2":[1],"3":[2],"4":[0],"5":[1],"6":[1],"7":[2],"8":[1],"9":[1],"10":[3],"11":[1],"12":[2],"13":[1],"14":[1],"15":[1],"16":[0],"17":[1]},"fnMap":{"0":{"name":"TodosController","decl":{"start":{"line":9,"column":4},"end":{"line":11,"column":9}},"loc":{"start":{"line":9,"column":4},"end":{"line":11,"column":9}},"line":9},"1":{"name":"TodosController.getTodos","decl":{"start":{"line":14,"column":22},"end":{"line":20,"column":5}},"loc":{"start":{"line":14,"column":22},"end":{"line":20,"column":5}},"line":14},"2":{"name":"TodosController.getTodoById","decl":{"start":{"line":22,"column":25},"end":{"line":30,"column":5}},"loc":{"start":{"line":22,"column":25},"end":{"line":30,"column":5}},"line":22},"3":{"name":"TodosController.createTodo","decl":{"start":{"line":33,"column":24},"end":{"line":42,"column":5}},"loc":{"start":{"line":33,"column":24},"end":{"line":42,"column":5}},"line":33},"4":{"name":"TodosController.updateTodo","decl":{"start":{"line":44,"column":24},"end":{"line":53,"column":5}},"loc":{"start":{"line":44,"column":24},"end":{"line":53,"column":5}},"line":44},"5":{"name":"TodosController.deleteTodo","decl":{"start":{"line":55,"column":24},"end":{"line":64,"column":5}},"loc":{"start":{"line":55,"column":24},"end":{"line":64,"column":5}},"line":55}},"f":{"0":2,"1":1,"2":2,"3":2,"4":3,"5":1}}
,"C:\\Users\\rodri\\Documents\\Curso\\Fernando herrera\\Nodejs2023\\9-RESTWeb\\tests\\test-server.ts": {"path":"C:\\Users\\rodri\\Documents\\Curso\\Fernando herrera\\Nodejs2023\\9-RESTWeb\\tests\\test-server.ts","all":false,"statementMap":{"0":{"start":{"line":1,"column":0},"end":{"line":1,"column":52}},"1":{"start":{"line":2,"column":0},"end":{"line":2,"column":42}},"2":{"start":{"line":3,"column":0},"end":{"line":3,"column":55}},"3":{"start":{"line":4,"column":0},"end":{"line":4,"column":0}},"4":{"start":{"line":5,"column":0},"end":{"line":5,"column":0}},"5":{"start":{"line":6,"column":0},"end":{"line":6,"column":0}},"6":{"start":{"line":7,"column":0},"end":{"line":7,"column":38}},"7":{"start":{"line":8,"column":0},"end":{"line":8,"column":20}},"8":{"start":{"line":9,"column":0},"end":{"line":9,"column":29}},"9":{"start":{"line":10,"column":0},"end":{"line":10,"column":32}},"10":{"start":{"line":11,"column":0},"end":{"line":11,"column":3}}},"s":{"0":1,"1":1,"2":1,"3":1,"4":1,"5":1,"6":1,"7":1,"8":1,"9":1,"10":1},"branchMap":{},"b":{},"fnMap":{},"f":{}}
}
