TN:
SF:src\data\postgres\index.ts
FNF:0
FNH:0
DA:1,1
DA:2,1
DA:3,1
DA:4,1
DA:5,1
DA:6,1
LF:6
LH:6
BRF:0
BRH:0
end_of_record
TN:
SF:src\domain\index.ts
FNF:0
FNH:0
DA:1,1
DA:2,1
DA:3,1
DA:4,1
DA:5,1
DA:6,1
DA:7,1
DA:8,1
DA:9,1
DA:10,1
DA:11,1
DA:12,1
DA:13,1
LF:13
LH:13
BRF:0
BRH:0
end_of_record
TN:
SF:src\domain\errors\custom.error.ts
FN:5,CustomError
FNF:1
FNH:1
FNDA:2,CustomError
DA:1,1
DA:2,1
DA:3,1
DA:4,1
DA:5,1
DA:6,2
DA:7,2
DA:8,2
DA:9,2
DA:10,2
DA:11,1
LF:11
LH:11
BRDA:5,0,0,2
BRF:1
BRH:1
end_of_record
TN:
SF:src\infrastructure\datasource\todo.datasource.impl.ts
FN:10,create
FN:19,getAll
FN:25,findById
FN:35,updateById
FN:50,deleteById
FNF:5
FNH:5
FNDA:1,create
FNDA:1,getAll
FNDA:5,findById
FNDA:2,updateById
FNDA:1,deleteById
DA:1,1
DA:2,1
DA:3,1
DA:4,1
DA:5,1
DA:6,1
DA:7,1
DA:8,1
DA:9,1
DA:10,1
DA:11,1
DA:12,1
DA:13,1
DA:14,1
DA:15,1
DA:16,1
DA:17,1
DA:18,1
DA:19,1
DA:20,1
DA:21,1
DA:22,1
DA:23,1
DA:24,1
DA:25,1
DA:26,5
DA:27,5
DA:28,5
DA:29,5
DA:30,5
DA:31,5
DA:32,3
DA:33,3
DA:34,1
DA:35,1
DA:36,2
DA:37,2
DA:38,1
DA:39,1
DA:40,1
DA:41,1
DA:42,1
DA:43,1
DA:44,1
DA:45,1
DA:46,1
DA:47,1
DA:48,1
DA:49,1
DA:50,1
DA:51,1
DA:52,1
DA:53,1
DA:54,1
DA:55,1
DA:56,1
DA:57,1
DA:58,1
DA:59,1
DA:60,1
LF:60
LH:60
BRDA:10,0,0,1
BRDA:19,1,0,1
BRDA:22,2,0,2
BRDA:25,3,0,5
BRDA:31,4,0,2
BRDA:32,5,0,3
BRDA:35,6,0,2
BRDA:38,7,0,1
BRDA:50,8,0,1
BRF:9
BRH:9
end_of_record
TN:
SF:src\presentation\todos\controller.ts
FN:9,TodosController
FN:13,TodosController.handleError
FN:22,TodosController.getTodos
FN:30,TodosController.getTodoById
FN:41,TodosController.createTodo
FN:52,TodosController.updateTodo
FN:63,TodosController.deleteTodo
FNF:7
FNH:7
FNDA:2,TodosController
FNDA:2,TodosController.handleError
FNDA:1,TodosController.getTodos
FNDA:2,TodosController.getTodoById
FNDA:2,TodosController.createTodo
FNDA:3,TodosController.updateTodo
FNDA:1,TodosController.deleteTodo
DA:1,1
DA:2,1
DA:3,1
DA:4,1
DA:5,1
DA:6,1
DA:7,1
DA:8,1
DA:9,1
DA:10,2
DA:11,2
DA:12,1
DA:13,1
DA:14,2
DA:15,2
DA:16,2
DA:17,2
DA:18,0
DA:19,0
DA:20,0
DA:21,1
DA:22,1
DA:23,1
DA:24,1
DA:25,1
DA:26,1
DA:27,1
DA:28,1
DA:29,1
DA:30,1
DA:31,2
DA:32,2
DA:33,2
DA:34,2
DA:35,2
DA:36,2
DA:37,2
DA:38,2
DA:39,1
DA:40,1
DA:41,1
DA:42,2
DA:43,2
DA:44,1
DA:45,1
DA:46,1
DA:47,1
DA:48,1
DA:49,1
DA:50,1
DA:51,1
DA:52,1
DA:53,3
DA:54,3
DA:55,3
DA:56,2
DA:57,2
DA:58,2
DA:59,2
DA:60,2
DA:61,2
DA:62,1
DA:63,1
DA:64,1
DA:65,1
DA:66,1
DA:67,1
DA:68,1
DA:69,1
DA:70,1
DA:71,1
DA:72,1
DA:73,1
DA:74,1
LF:74
LH:71
BRDA:9,0,0,2
BRDA:13,1,0,2
BRDA:18,2,0,0
BRDA:22,3,0,1
BRDA:26,4,0,1
BRDA:30,5,0,2
BRDA:32,6,0,0
BRDA:36,7,0,1
BRDA:37,8,0,1
BRDA:41,9,0,2
BRDA:43,10,0,1
BRDA:47,11,0,1
BRDA:52,12,0,3
BRDA:55,13,0,1
BRDA:56,14,0,2
BRDA:59,15,0,1
BRDA:60,16,0,1
BRDA:63,17,0,1
BRDA:65,18,0,0
BRDA:69,19,0,1
BRF:20
BRH:17
end_of_record
TN:
SF:tests\test-server.ts
FNF:0
FNH:0
DA:1,1
DA:2,1
DA:3,1
DA:4,1
DA:5,1
DA:6,1
DA:7,1
DA:8,1
DA:9,1
DA:10,1
DA:11,1
LF:11
LH:11
BRF:0
BRH:0
end_of_record
